2003.09.24 21:51 B c:\documents and settings\Paul Trevithick\My Documents\Personal\Adoption site\photogallery\photo13655\a1 Proud graduates cropped.jpg --> lucy.binhost.com /public_html/adoption/photogallery/photo13655 a1 Proud graduates cropped.jpg
2003.09.24 21:51 B c:\documents and settings\Paul Trevithick\My Documents\Personal\Adoption site\photogallery\photo13655\a1.1 no.1 elena.jpg --> lucy.binhost.com /public_html/adoption/photogallery/photo13655 a1.1 no.1 elena.jpg
2003.09.24 21:51 B c:\documents and settings\Paul Trevithick\My Documents\Personal\Adoption site\photogallery\photo13655\a2 Murmansk from postcard.jpg --> lucy.binhost.com /public_html/adoption/photogallery/photo13655 a2 Murmansk from postcard.jpg
2003.09.24 21:51 B c:\documents and settings\Paul Trevithick\My Documents\Personal\Adoption site\photogallery\photo13655\a3 View from hotel in Murmansk.jpg --> lucy.binhost.com /public_html/adoption/photogallery/photo13655 a3 View from hotel in Murmansk.jpg
2003.09.24 21:51 B c:\documents and settings\Paul Trevithick\My Documents\Personal\Adoption site\photogallery\photo13655\a4 Polyarny-Zornie.jpg --> lucy.binhost.com /public_html/adoption/photogallery/photo13655 a4 Polyarny-Zornie.jpg
2003.09.24 21:51 B c:\documents and settings\Paul Trevithick\My Documents\Personal\Adoption site\photogallery\photo13655\a4.1 Elena Oct14-02.jpg --> lucy.binhost.com /public_html/adoption/photogallery/photo13655 a4.1 Elena Oct14-02.jpg
2003.09.24 21:51 B c:\documents and settings\Paul Trevithick\My Documents\Personal\Adoption site\photogallery\photo13655\a5 Elena Oct15-02.jpg --> lucy.binhost.com /public_html/adoption/photogallery/photo13655 a5 Elena Oct15-02.jpg
2003.09.24 21:51 B c:\documents and settings\Paul Trevithick\My Documents\Personal\Adoption site\photogallery\photo13655\a6 Apatity first trip.jpg --> lucy.binhost.com /public_html/adoption/photogallery/photo13655 a6 Apatity first trip.jpg
2003.09.24 21:51 B c:\documents and settings\Paul Trevithick\My Documents\Personal\Adoption site\photogallery\photo13655\a7 Elena first trip.JPG --> lucy.binhost.com /public_html/adoption/photogallery/photo13655 a7 Elena first trip.JPG
2003.09.24 21:51 B c:\documents and settings\Paul Trevithick\My Documents\Personal\Adoption site\photogallery\photo13655\a8 Elena first trip 2.JPG --> lucy.binhost.com /public_html/adoption/photogallery/photo13655 a8 Elena first trip 2.JPG
2003.09.24 21:52 B c:\documents and settings\Paul Trevithick\My Documents\Personal\Adoption site\photogallery\photo13655\a9 Apatity exterior.JPG --> lucy.binhost.com /public_html/adoption/photogallery/photo13655 a9 Apatity exterior.JPG
2003.09.24 21:52 B c:\documents and settings\Paul Trevithick\My Documents\Personal\Adoption site\photogallery\photo13655\b1 Apatity play area.jpg --> lucy.binhost.com /public_html/adoption/photogallery/photo13655 b1 Apatity play area.jpg
2003.09.24 21:52 B c:\documents and settings\Paul Trevithick\My Documents\Personal\Adoption site\photogallery\photo13655\b2 Apatity exterior 2.JPG --> lucy.binhost.com /public_html/adoption/photogallery/photo13655 b2 Apatity exterior 2.JPG
2003.09.24 21:52 B c:\documents and settings\Paul Trevithick\My Documents\Personal\Adoption site\photogallery\photo13655\b2 Mila in Kovdor Christmas show.jpg --> lucy.binhost.com /public_html/adoption/photogallery/photo13655 b2 Mila in Kovdor Christmas show.jpg
2003.09.24 21:52 B c:\documents and settings\Paul Trevithick\My Documents\Personal\Adoption site\photogallery\photo13655\b2.1 Apatity entrance.jpg --> lucy.binhost.com /public_html/adoption/photogallery/photo13655 b2.1 Apatity entrance.jpg
2003.09.24 21:52 B c:\documents and settings\Paul Trevithick\My Documents\Personal\Adoption site\photogallery\photo13655\b2.1 Apatity playground.jpg --> lucy.binhost.com /public_html/adoption/photogallery/photo13655 b2.1 Apatity playground.jpg
2003.09.24 21:52 B c:\documents and settings\Paul Trevithick\My Documents\Personal\Adoption site\photogallery\photo13655\e8 Mila's Easter dress.jpg --> lucy.binhost.com /public_html/adoption/photogallery/photo13655 e8 Mila's Easter dress.jpg
2003.09.24 21:52 B c:\documents and settings\Paul Trevithick\My Documents\Personal\Adoption site\photogallery\photo13655\e7 Elena in red.jpg --> lucy.binhost.com /public_html/adoption/photogallery/photo13655 e7 Elena in red.jpg
2003.09.24 21:52 B c:\documents and settings\Paul Trevithick\My Documents\Personal\Adoption site\photogallery\photo13655\e6 Trevithick girls 2003-5-11.jpg --> lucy.binhost.com /public_html/adoption/photogallery/photo13655 e6 Trevithick girls 2003-5-11.jpg
2003.09.24 21:52 B c:\documents and settings\Paul Trevithick\My Documents\Personal\Adoption site\photogallery\photo13655\e5 2003-4-26.jpg --> lucy.binhost.com /public_html/adoption/photogallery/photo13655 e5 2003-4-26.jpg
2003.09.24 21:52 B c:\documents and settings\Paul Trevithick\My Documents\Personal\Adoption site\photogallery\photo13655\e4.1 Mila and Elena.JPG --> lucy.binhost.com /public_html/adoption/photogallery/photo13655 e4.1 Mila and Elena.JPG
2003.09.24 21:52 B c:\documents and settings\Paul Trevithick\My Documents\Personal\Adoption site\photogallery\photo13655\e4 Tired travellers in airport.jpg --> lucy.binhost.com /public_html/adoption/photogallery/photo13655 e4 Tired travellers in airport.jpg
2003.09.24 21:52 B c:\documents and settings\Paul Trevithick\My Documents\Personal\Adoption site\photogallery\photo13655\e3 Girls in airport.jpg --> lucy.binhost.com /public_html/adoption/photogallery/photo13655 e3 Girls in airport.jpg
2003.09.24 21:52 B c:\documents and settings\Paul Trevithick\My Documents\Personal\Adoption site\photogallery\photo13655\e2 Moscow breakfast.jpg --> lucy.binhost.com /public_html/adoption/photogallery/photo13655 e2 Moscow breakfast.jpg
2003.09.24 21:52 B c:\documents and settings\Paul Trevithick\My Documents\Personal\Adoption site\photogallery\photo13655\e1 Moscow bath.jpg --> lucy.binhost.com /public_html/adoption/photogallery/photo13655 e1 Moscow bath.jpg
2003.09.24 21:52 B c:\documents and settings\Paul Trevithick\My Documents\Personal\Adoption site\photogallery\photo13655\d6 Girls, Svetlana & Ura.jpg --> lucy.binhost.com /public_html/adoption/photogallery/photo13655 d6 Girls, Svetlana & Ura.jpg
2003.09.24 21:52 B c:\documents and settings\Paul Trevithick\My Documents\Personal\Adoption site\photogallery\photo13655\d5 Sisters reunited.jpg --> lucy.binhost.com /public_html/adoption/photogallery/photo13655 d5 Sisters reunited.jpg
2003.09.24 21:52 B c:\documents and settings\Paul Trevithick\My Documents\Personal\Adoption site\photogallery\photo13655\d4 Breakfast  at Kovdor.jpg --> lucy.binhost.com /public_html/adoption/photogallery/photo13655 d4 Breakfast  at Kovdor.jpg
2003.09.24 21:52 B c:\documents and settings\Paul Trevithick\My Documents\Personal\Adoption site\photogallery\photo13655\d3 Apatity sleeping arrangements.jpg --> lucy.binhost.com /public_html/adoption/photogallery/photo13655 d3 Apatity sleeping arrangements.jpg
2003.09.24 21:52 B c:\documents and settings\Paul Trevithick\My Documents\Personal\Adoption site\photogallery\photo13655\d2 Apatity bathroom.jpg --> lucy.binhost.com /public_html/adoption/photogallery/photo13655 d2 Apatity bathroom.jpg
2003.09.24 21:52 B c:\documents and settings\Paul Trevithick\My Documents\Personal\Adoption site\photogallery\photo13655\d1 Elena's Apatity playgroup.jpg --> lucy.binhost.com /public_html/adoption/photogallery/photo13655 d1 Elena's Apatity playgroup.jpg
2003.09.24 21:52 B c:\documents and settings\Paul Trevithick\My Documents\Personal\Adoption site\photogallery\photo13655\c7 Papa 27 below.jpg --> lucy.binhost.com /public_html/adoption/photogallery/photo13655 c7 Papa 27 below.jpg
2003.09.24 21:53 B c:\documents and settings\Paul Trevithick\My Documents\Personal\Adoption site\photogallery\photo13655\c6 Mila and Mama Kovdor.jpg --> lucy.binhost.com /public_html/adoption/photogallery/photo13655 c6 Mila and Mama Kovdor.jpg
2003.09.24 21:53 B c:\documents and settings\Paul Trevithick\My Documents\Personal\Adoption site\photogallery\photo13655\c5 Mila and Papa at Kovdor hotel.jpg --> lucy.binhost.com /public_html/adoption/photogallery/photo13655 c5 Mila and Papa at Kovdor hotel.jpg
2003.09.24 21:53 B c:\documents and settings\Paul Trevithick\My Documents\Personal\Adoption site\photogallery\photo13655\c4 Kovdor hotel.jpg --> lucy.binhost.com /public_html/adoption/photogallery/photo13655 c4 Kovdor hotel.jpg
2003.09.24 21:53 B c:\documents and settings\Paul Trevithick\My Documents\Personal\Adoption site\photogallery\photo13655\c3.3 Susan receives sewing gift.jpg --> lucy.binhost.com /public_html/adoption/photogallery/photo13655 c3.3 Susan receives sewing gift.jpg
2003.09.24 21:53 B c:\documents and settings\Paul Trevithick\My Documents\Personal\Adoption site\photogallery\photo13655\c3.2 Sewing room Kovdor.jpg --> lucy.binhost.com /public_html/adoption/photogallery/photo13655 c3.2 Sewing room Kovdor.jpg
2003.09.24 21:53 B c:\documents and settings\Paul Trevithick\My Documents\Personal\Adoption site\photogallery\photo13655\c3.1 Art wall Kovdor.jpg --> lucy.binhost.com /public_html/adoption/photogallery/photo13655 c3.1 Art wall Kovdor.jpg
2003.09.24 21:53 B c:\documents and settings\Paul Trevithick\My Documents\Personal\Adoption site\photogallery\photo13655\c3 Wood shop Kovdor.jpg --> lucy.binhost.com /public_html/adoption/photogallery/photo13655 c3 Wood shop Kovdor.jpg
2003.09.24 21:53 B c:\documents and settings\Paul Trevithick\My Documents\Personal\Adoption site\photogallery\photo13655\c2 Mila's room.jpg --> lucy.binhost.com /public_html/adoption/photogallery/photo13655 c2 Mila's room.jpg
2003.09.24 21:53 B c:\documents and settings\Paul Trevithick\My Documents\Personal\Adoption site\photogallery\photo13655\c1 Mila's bed.jpg --> lucy.binhost.com /public_html/adoption/photogallery/photo13655 c1 Mila's bed.jpg
2003.09.24 21:53 B c:\documents and settings\Paul Trevithick\My Documents\Personal\Adoption site\photogallery\photo13655\b9 Inspector, director, Mila, Marina 2003-1-30.JPG --> lucy.binhost.com /public_html/adoption/photogallery/photo13655 b9 Inspector, director, Mila, Marina 2003-1-30.JPG
2003.09.24 21:53 B c:\documents and settings\Paul Trevithick\My Documents\Personal\Adoption site\photogallery\photo13655\b8 Mila - first meeting.jpg --> lucy.binhost.com /public_html/adoption/photogallery/photo13655 b8 Mila - first meeting.jpg
2003.09.24 21:53 B c:\documents and settings\Paul Trevithick\My Documents\Personal\Adoption site\photogallery\photo13655\b7 Entrance Kovdor Orphanage.jpg --> lucy.binhost.com /public_html/adoption/photogallery/photo13655 b7 Entrance Kovdor Orphanage.jpg
2003.09.24 21:53 B c:\documents and settings\Paul Trevithick\My Documents\Personal\Adoption site\photogallery\photo13655\b6 Mila Dec10-02.jpg --> lucy.binhost.com /public_html/adoption/photogallery/photo13655 b6 Mila Dec10-02.jpg
2003.09.24 21:53 B c:\documents and settings\Paul Trevithick\My Documents\Personal\Adoption site\photogallery\photo13655\b5 Summer 2002 Mila.jpg --> lucy.binhost.com /public_html/adoption/photogallery/photo13655 b5 Summer 2002 Mila.jpg
2003.09.24 21:53 B c:\documents and settings\Paul Trevithick\My Documents\Personal\Adoption site\photogallery\photo13655\b5 Moscow in October 02.jpg --> lucy.binhost.com /public_html/adoption/photogallery/photo13655 b5 Moscow in October 02.jpg
2003.09.24 21:53 B c:\documents and settings\Paul Trevithick\My Documents\Personal\Adoption site\photogallery\photo13655\b4 Murmansk airport 2 2002-10-17.jpg --> lucy.binhost.com /public_html/adoption/photogallery/photo13655 b4 Murmansk airport 2 2002-10-17.jpg
2003.09.24 21:53 B c:\documents and settings\Paul Trevithick\My Documents\Personal\Adoption site\photogallery\photo13655\b3 Murmansk airport.jpg --> lucy.binhost.com /public_html/adoption/photogallery/photo13655 b3 Murmansk airport.jpg
2003.09.24 21:53 B c:\documents and settings\Paul Trevithick\My Documents\Personal\Adoption site\photogallery\photo13655\b2.1 Apatity playground.jpg --> lucy.binhost.com /public_html/adoption/photogallery/photo13655 b2.1 Apatity playground.jpg
2003.09.24 21:53 B c:\documents and settings\Paul Trevithick\My Documents\Personal\Adoption site\photogallery\photo13655\b2.1 Apatity entrance.jpg --> lucy.binhost.com /public_html/adoption/photogallery/photo13655 b2.1 Apatity entrance.jpg
2003.09.24 21:53 B c:\documents and settings\Paul Trevithick\My Documents\Personal\Adoption site\photogallery\photo13655\b2 Mila in Kovdor Christmas show.jpg --> lucy.binhost.com /public_html/adoption/photogallery/photo13655 b2 Mila in Kovdor Christmas show.jpg
2003.09.24 21:53 B c:\documents and settings\Paul Trevithick\My Documents\Personal\Adoption site\photogallery\photo13655\b2 Apatity exterior 2.JPG --> lucy.binhost.com /public_html/adoption/photogallery/photo13655 b2 Apatity exterior 2.JPG
2003.09.24 21:53 B c:\documents and settings\Paul Trevithick\My Documents\Personal\Adoption site\photogallery\photo13655\b1 Apatity play area.jpg --> lucy.binhost.com /public_html/adoption/photogallery/photo13655 b1 Apatity play area.jpg
2003.09.24 21:54 B c:\documents and settings\Paul Trevithick\My Documents\Personal\Adoption site\photogallery\photo13655\a9 Apatity exterior.JPG --> lucy.binhost.com /public_html/adoption/photogallery/photo13655 a9 Apatity exterior.JPG
2003.09.24 21:54 B c:\documents and settings\Paul Trevithick\My Documents\Personal\Adoption site\photogallery\photo13655\a8 Elena first trip 2.JPG --> lucy.binhost.com /public_html/adoption/photogallery/photo13655 a8 Elena first trip 2.JPG
2003.09.24 21:54 B c:\documents and settings\Paul Trevithick\My Documents\Personal\Adoption site\photogallery\photo13655\a7 Elena first trip.JPG --> lucy.binhost.com /public_html/adoption/photogallery/photo13655 a7 Elena first trip.JPG
2003.09.24 21:54 B c:\documents and settings\Paul Trevithick\My Documents\Personal\Adoption site\photogallery\photo13655\a6 Apatity first trip.jpg --> lucy.binhost.com /public_html/adoption/photogallery/photo13655 a6 Apatity first trip.jpg
2003.09.24 21:54 B c:\documents and settings\Paul Trevithick\My Documents\Personal\Adoption site\photogallery\photo13655\a5 Elena Oct15-02.jpg --> lucy.binhost.com /public_html/adoption/photogallery/photo13655 a5 Elena Oct15-02.jpg
2003.09.24 21:54 B c:\documents and settings\Paul Trevithick\My Documents\Personal\Adoption site\photogallery\photo13655\a4.1 Elena Oct14-02.jpg --> lucy.binhost.com /public_html/adoption/photogallery/photo13655 a4.1 Elena Oct14-02.jpg
2003.09.24 21:54 B c:\documents and settings\Paul Trevithick\My Documents\Personal\Adoption site\photogallery\photo13655\a4 Polyarny-Zornie.jpg --> lucy.binhost.com /public_html/adoption/photogallery/photo13655 a4 Polyarny-Zornie.jpg
2003.09.24 21:54 B c:\documents and settings\Paul Trevithick\My Documents\Personal\Adoption site\photogallery\photo13655\a3 View from hotel in Murmansk.jpg --> lucy.binhost.com /public_html/adoption/photogallery/photo13655 a3 View from hotel in Murmansk.jpg
2003.09.24 21:54 B c:\documents and settings\Paul Trevithick\My Documents\Personal\Adoption site\photogallery\photo13655\a2 Murmansk from postcard.jpg --> lucy.binhost.com /public_html/adoption/photogallery/photo13655 a2 Murmansk from postcard.jpg
2003.09.24 21:54 B c:\documents and settings\Paul Trevithick\My Documents\Personal\Adoption site\photogallery\photo13655\a1.1 no.1 elena.jpg --> lucy.binhost.com /public_html/adoption/photogallery/photo13655 a1.1 no.1 elena.jpg
2003.09.24 21:56 B c:\documents and settings\Paul Trevithick\My Documents\Personal\Adoption site\photogallery\photo13655\e9 Girls in June.jpg --> lucy.binhost.com /public_html/adoption/photogallery/photo13655 e9 Girls in June.jpg
2003.09.24 21:56 B c:\documents and settings\Paul Trevithick\My Documents\Personal\Adoption site\photogallery\photo13655\f3 Family in back yard.jpg --> lucy.binhost.com /public_html/adoption/photogallery/photo13655 f3 Family in back yard.jpg
2003.09.24 21:56 B c:\documents and settings\Paul Trevithick\My Documents\Personal\Adoption site\photogallery\photo13655\f4 Niagra Aug '03.jpg --> lucy.binhost.com /public_html/adoption/photogallery/photo13655 f4 Niagra Aug '03.jpg
2003.09.24 21:56 B c:\documents and settings\Paul Trevithick\My Documents\Personal\Adoption site\photogallery\photo13655\f5 Niagra Aug '03.jpg --> lucy.binhost.com /public_html/adoption/photogallery/photo13655 f5 Niagra Aug '03.jpg
2003.09.24 21:56 B c:\documents and settings\Paul Trevithick\My Documents\Personal\Adoption site\photogallery\photo13655\f6 Canoe ride in Michigan.jpg --> lucy.binhost.com /public_html/adoption/photogallery/photo13655 f6 Canoe ride in Michigan.jpg
2003.09.24 21:56 B c:\documents and settings\Paul Trevithick\My Documents\Personal\Adoption site\photogallery\photo13655\f7 Manna's front porch Michigan.jpg --> lucy.binhost.com /public_html/adoption/photogallery/photo13655 f7 Manna's front porch Michigan.jpg
2003.09.24 21:56 B c:\documents and settings\Paul Trevithick\My Documents\Personal\Adoption site\photogallery\photo13655\f8 Mila in Michigan.jpg --> lucy.binhost.com /public_html/adoption/photogallery/photo13655 f8 Mila in Michigan.jpg
2003.09.24 21:56 B c:\documents and settings\Paul Trevithick\My Documents\Personal\Adoption site\photogallery\photo13655\g1 Cape Cod 8-03.jpg --> lucy.binhost.com /public_html/adoption/photogallery/photo13655 g1 Cape Cod 8-03.jpg
2003.09.24 21:56 B c:\documents and settings\Paul Trevithick\My Documents\Personal\Adoption site\photogallery\photo13655\g2 Elena on the Cape 8-03.jpg --> lucy.binhost.com /public_html/adoption/photogallery/photo13655 g2 Elena on the Cape 8-03.jpg
2003.09.24 21:56 B c:\documents and settings\Paul Trevithick\My Documents\Personal\Adoption site\photogallery\photo13655\g3 Elena and Mila on the Cape.jpg --> lucy.binhost.com /public_html/adoption/photogallery/photo13655 g3 Elena and Mila on the Cape.jpg
2003.09.24 21:56 B c:\documents and settings\Paul Trevithick\My Documents\Personal\Adoption site\photogallery\photo13655\g4 Mila and Uncle Jack Michigan.jpg --> lucy.binhost.com /public_html/adoption/photogallery/photo13655 g4 Mila and Uncle Jack Michigan.jpg
2003.09.24 21:56 B c:\documents and settings\Paul Trevithick\My Documents\Personal\Adoption site\photogallery\photo13655\Girls in dresses Sept 03 no.2.jpg --> lucy.binhost.com /public_html/adoption/photogallery/photo13655 Girls in dresses Sept 03 no.2.jpg
2003.09.24 21:56 B c:\documents and settings\Paul Trevithick\My Documents\Personal\Adoption site\photogallery\photo13655\real.htm --> lucy.binhost.com /public_html/adoption/photogallery/photo13655 real.htm
2003.09.24 21:56 B c:\documents and settings\Paul Trevithick\My Documents\Personal\Adoption site\photogallery\photo13655\real_p.htm --> lucy.binhost.com /public_html/adoption/photogallery/photo13655 real_p.htm
2003.09.24 21:57 B c:\documents and settings\Paul Trevithick\My Documents\Personal\Adoption site\photogallery\photo13655\real_x.htm --> lucy.binhost.com /public_html/adoption/photogallery/photo13655 real_x.htm
